<?xml version="1.0" encoding="UTF-8"?>
<!-- Generated by org.testng.reporters.JUnitReportReporter -->
<testsuite hostname="DESKTOP-P64LQ69" failures="0" tests="1" name="mavenforjenkins.UITest" time="22.459" errors="0" timestamp="2023-05-26T16:46:23 IST" skipped="0">
  <testcase classname="mavenforjenkins.UITest" name="startBrowser" time="22.459"/>
  <system-out/>
</testsuite> <!-- mavenforjenkins.UITest -->
